<?xml version="1.0" encoding="UTF-8"?>
<!-- Generated by org.testng.reporters.JUnitReportReporter -->
<testsuite skipped="0" hostname="ccitMO-43" name="qaclickacademy.AppiumTest" tests="1" failures="0" timestamp="2021-08-04T23:08:59 IST" time="0.033" errors="0">
  <testcase name="PostJita" time="0.033" classname="qaclickacademy.AppiumTest"/>
  <system-out/>
</testsuite> <!-- qaclickacademy.AppiumTest -->
