<?xml version="1.0" encoding="UTF-8"?>
<!-- Generated by org.testng.reporters.JUnitReportReporter -->
<testsuite skipped="0" hostname="ccitMO-43" name="qaclickacademy.AppiumTest" tests="2" failures="0" timestamp="2021-08-05T00:14:55 IST" time="0.006" errors="0">
  <testcase name="PostJita" time="0.006" classname="qaclickacademy.AppiumTest"/>
  <system-out/>
  <testcase name="deleteTwitter" time="0.000" classname="qaclickacademy.AppiumTest"/>
  <system-out/>
</testsuite> <!-- qaclickacademy.AppiumTest -->
