<?xml version="1.0" encoding="UTF-8"?>
<!-- Generated by org.testng.reporters.JUnitReportReporter -->
<testsuite skipped="0" hostname="ccitMO-43" name="qaclickacademy.RESTAPITest" tests="2" failures="0" timestamp="2021-08-05T00:10:09 IST" time="0.005" errors="0">
  <testcase name="NativeAppAndroid" time="0.004" classname="qaclickacademy.RESTAPITest"/>
  <system-out/>
  <testcase name="IOSApps" time="0.001" classname="qaclickacademy.RESTAPITest"/>
  <system-out/>
</testsuite> <!-- qaclickacademy.RESTAPITest -->
